<?xml version="1.0" encoding="UTF-8"?>
<!-- Generated by org.testng.reporters.JUnitXMLReporter -->
<testsuite ignored="2" hostname="ET-C02WQ0PUG8WN.local" failures="0" tests="1" name="Default test" time="38.297" errors="0" timestamp="2020-03-12T20:13:09 IST">
  <testcase classname="test.takingScreenshots" name="screenshotOfSpecificWebElement" time="35.349"/>
  <testcase classname="test.takingScreenshots" name="screenshotOfaPage" time="0.0">
    <ignored/>
  </testcase> <!-- screenshotOfaPage -->
  <testcase classname="test.takingScreenshots" name="screenshotOfSectionInaPage" time="0.0">
    <ignored/>
  </testcase> <!-- screenshotOfSectionInaPage -->
</testsuite> <!-- Default test -->
