<?xml version="1.0" encoding="UTF-8"?>
<testng-results ignored="2" total="3" passed="1" failed="0" skipped="0">
  <reporter-output>
  </reporter-output>
  <suite started-at="2020-03-12T20:12:31 IST" name="Default suite" finished-at="2020-03-12T20:13:09 IST" duration-ms="38297">
    <groups>
    </groups>
    <test started-at="2020-03-12T20:12:31 IST" name="Default test" finished-at="2020-03-12T20:13:09 IST" duration-ms="38297">
      <class name="test.takingScreenshots">
        <test-method is-config="true" signature="setup()[pri:0, instance:test.takingScreenshots@e1de817]" started-at="2020-03-12T20:12:31 IST" name="setup" finished-at="2020-03-12T20:12:34 IST" duration-ms="2925" status="PASS">
          <reporter-output>
          </reporter-output>
        </test-method> <!-- setup -->
        <test-method signature="screenshotOfSpecificWebElement()[pri:0, instance:test.takingScreenshots@e1de817]" started-at="2020-03-12T20:12:34 IST" name="screenshotOfSpecificWebElement" description="screen shot of a section of a web page" finished-at="2020-03-12T20:13:09 IST" duration-ms="35349" status="PASS">
          <reporter-output>
          </reporter-output>
        </test-method> <!-- screenshotOfSpecificWebElement -->
      </class> <!-- test.takingScreenshots -->
    </test> <!-- Default test -->
  </suite> <!-- Default suite -->
</testng-results>
